
2024-01-11 18:05:17,574 [INFO]: LeadRepush: 1
2024-01-11 18:05:17,575 [ERROR]: count is not equal to zero
2024-01-11 18:05:17,930 [ERROR]: Error running the executable: Command 'E:/emsLeadRepush/LeadPush.exe' returned non-zero exit status 3762504530.
2024-01-11 18:05:19,862 [INFO]: LeadRepush: 1
2024-01-11 18:05:19,862 [ERROR]: count is not equal to zero
2024-01-11 18:05:19,956 [ERROR]: Error running the executable: Command 'E:/emsLeadRepush/LeadPush.exe' returned non-zero exit status 3762504530.
2024-01-11 18:06:24,543 [INFO]: LeadRepush: 1
2024-01-11 18:06:24,545 [ERROR]: count is not equal to zero
2024-01-11 18:06:24,639 [ERROR]: Error running the executable: Command 'E:/emsLeadRepush/LeadPush.exe' returned non-zero exit status 3762504530.
2024-01-11 18:06:26,609 [INFO]: LeadRepush: 1
2024-01-11 18:06:26,610 [ERROR]: count is not equal to zero
2024-01-11 18:06:26,673 [ERROR]: Error running the executable: Command 'E:/emsLeadRepush/LeadPush.exe' returned non-zero exit status 3762504530.
2024-01-11 18:08:56,450 [INFO]: LeadRepush: 1
2024-01-11 18:08:56,452 [ERROR]: count is not equal to zero
2024-01-11 18:09:16,550 [INFO]: LeadRepush: 0
2024-01-11 18:09:18,275 [INFO]: Excel file saved: C:\Users\HP\AppData\Local\Temp\TVS_LMS_11_01_2024whd8gy9c.xlsx
2024-01-11 18:09:31,318 [INFO]: Reply sent to AjithKumar S <ajithkumar@newgendigital.com> with CC to  for the email with subject 'yes'.
2024-01-11 18:12:11,612 [INFO]: LeadRepush: 0
2024-01-11 18:12:12,765 [INFO]: Excel file saved: C:\Users\HP\AppData\Local\Temp\TVS_LMS_11_01_20241i6zf1l_.xlsx
2024-01-11 18:12:24,308 [INFO]: Reply sent to AjithKumar S <ajithkumar@newgendigital.com> with CC to karthikeyan@newgendigital.com, bhuvaneswari@newgendigital.com for the email with subject 'val'.
2024-01-11 18:38:48,454 [INFO]: LeadRepush: 0
2024-01-11 18:38:49,279 [ERROR]: An error occurred: ''
2024-01-11 18:42:43,052 [INFO]: LeadRepush: 0
2024-01-11 18:42:43,892 [ERROR]: An error occurred: ''
2024-01-11 18:47:31,401 [INFO]: LeadRepush: 0
2024-01-11 18:47:31,924 [ERROR]: An error occurred: ''
2024-01-11 18:50:10,110 [INFO]: LeadRepush: 0
2024-01-11 18:50:10,745 [ERROR]: An error occurred: ''
2024-01-11 18:52:06,168 [ERROR]: An error occurred: module 'pyodbc' has no attribute 'settrace'
2024-01-11 18:53:54,453 [ERROR]: An error occurred: module 'pyodbc' has no attribute 'settrace'
2024-01-11 18:56:32,554 [INFO]: LeadRepush: 0
2024-01-11 18:56:33,213 [ERROR]: An error occurred: ''
2024-01-11 18:57:57,397 [INFO]: LeadRepush: 0
2024-01-11 18:57:58,030 [ERROR]: An error occurred: ''
2024-01-11 18:59:39,429 [ERROR]: An error occurred: object of type 'NoneType' has no len()
2024-01-11 19:01:02,754 [ERROR]: An error occurred: object of type 'NoneType' has no len()
2024-01-11 19:03:59,761 [INFO]: LeadRepush: 0
2024-01-11 19:04:00,382 [ERROR]: An error occurred: ''
2024-01-12 10:39:19,365 [INFO]: LeadRepush: 6
2024-01-12 10:39:19,365 [ERROR]: count is not equal to zero
2024-01-12 18:08:26,881 [INFO]: LeadRepush: 9
2024-01-12 18:08:26,883 [ERROR]: count is not equal to zero
2024-01-12 18:08:30,667 [INFO]: LeadRepush: 9
2024-01-12 18:08:30,668 [ERROR]: count is not equal to zero
2024-01-12 18:10:27,710 [INFO]: LeadRepush: 9
2024-01-12 18:10:27,711 [ERROR]: count is not equal to zero
2024-01-12 18:10:31,395 [INFO]: LeadRepush: 9
2024-01-12 18:10:31,396 [ERROR]: count is not equal to zero
2024-01-12 18:12:37,590 [INFO]: LeadRepush: 9
2024-01-12 18:12:37,591 [ERROR]: count is not equal to zero
2024-01-12 18:12:50,144 [INFO]: LeadRepush: 0
2024-01-12 18:12:50,848 [INFO]: Excel file saved: C:\Users\HP\AppData\Local\Temp\TVS_LMS_12_01_2024dqbqkl2w.xlsx
2024-01-12 18:12:59,777 [INFO]: Reply sent to AjithKumar S <ajithkumar@newgendigital.com> with CC to karthikeyan@newgendigital.com, bhuvaneswari@newgendigital.com for the email with subject 'val'.
2024-01-12 18:25:53,509 [INFO]: LeadRepush: 0
2024-01-12 18:25:53,758 [INFO]: Excel file saved: C:\Users\HP\AppData\Local\Temp\TVS_LMS_12_01_2024yrbbcynn.xlsx
2024-01-12 18:26:05,427 [INFO]: Reply sent to Priyadharshini S <priyadharshini@newgendigital.com> with CC to Rajesh Yerremshetty <rajesh.yerremshetty@unicorntechmedia.com>, Mohit Lalwani <mohit.lalwani@unicorntechmedia.com>, "nisha.singh@unicorntechmedia.com" <nisha.singh@unicorntechmedia.com>, "ankur.kataria@unicorntechmedia.com" <ankur.kataria@unicorntechmedia.com>, arun reddy <arun.reddy@newgendigital.com>, Ashish.Thakur@tvsmotor.com, Neha.Parasher@tvsmotor.com, Prasanth.S@tvsmotor.com, Punitha Mani <punitha@newgendigital.com> for the email with subject 'Re: Updated EMS response for null EMS'.
2024-01-18 18:23:58,581 [ERROR]: Failed to establish a database connection: ('08001', '[08001] [Microsoft][ODBC Driver 17 for SQL Server]Named Pipes Provider: Could not open a connection to SQL Server [53].  (53) (SQLDriverConnect); [08001] [Microsoft][ODBC Driver 17 for SQL Server]Login timeout expired (0); [08001] [Microsoft][ODBC Driver 17 for SQL Server]A network-related or instance-specific error has occurred while establishing a connection to SQL Server. Server is not found or not accessible. Check if instance name is correct and if SQL Server is configured to allow remote connections. For more information see SQL Server Books Online. (53)')
2024-01-18 18:23:58,680 [ERROR]: Failed to execute the query: 'NoneType' object has no attribute 'execute'
2024-01-18 18:23:58,680 [ERROR]: An error occurred: object of type 'NoneType' has no len()
2024-01-18 18:24:55,679 [ERROR]: Failed to establish a database connection: ('08001', '[08001] [Microsoft][ODBC Driver 17 for SQL Server]Named Pipes Provider: Could not open a connection to SQL Server [53].  (53) (SQLDriverConnect); [08001] [Microsoft][ODBC Driver 17 for SQL Server]Login timeout expired (0); [08001] [Microsoft][ODBC Driver 17 for SQL Server]A network-related or instance-specific error has occurred while establishing a connection to SQL Server. Server is not found or not accessible. Check if instance name is correct and if SQL Server is configured to allow remote connections. For more information see SQL Server Books Online. (53)')
2024-01-18 18:24:55,680 [ERROR]: Failed to execute the query: 'NoneType' object has no attribute 'execute'
2024-01-18 18:24:55,680 [ERROR]: An error occurred: object of type 'NoneType' has no len()
2024-01-18 18:26:06,954 [INFO]: LeadRepush: 0
2024-01-18 18:26:07,863 [ERROR]: An error occurred: ''
2024-01-18 18:30:33,580 [INFO]: LeadRepush: 0
2024-01-18 18:30:35,609 [ERROR]: An error occurred: ''
2024-01-18 18:31:58,454 [INFO]: LeadRepush: 0
2024-01-18 18:31:58,815 [ERROR]: An error occurred: ''
2024-01-18 18:32:11,644 [INFO]: LeadRepush: 0
2024-01-18 18:44:12,763 [INFO]: LeadRepush: 0
2024-01-18 18:46:11,396 [INFO]: LeadRepush: 0
2024-01-18 18:47:28,930 [INFO]: LeadRepush: 0
2024-01-18 18:47:29,280 [INFO]: Excel file saved: C:\Users\HP\AppData\Local\Temp\TVS_LMS_18_01_2024dsjh3xkq.xlsx
2024-01-18 18:47:36,296 [ERROR]: An error occurred: can only concatenate list (not "str") to list
2024-01-18 18:58:20,993 [INFO]: LeadRepush: 0
2024-01-18 18:58:22,071 [INFO]: Excel file saved: C:\Users\HP\AppData\Local\Temp\TVS_LMS_18_01_2024wogckdmo.xlsx
2024-01-18 19:02:41,799 [INFO]: LeadRepush: 0
2024-01-18 19:02:42,301 [INFO]: Excel file saved: TVS_LMS_18_01_2024.xlsx
2024-01-18 19:07:44,299 [INFO]: LeadRepush: 0
2024-01-18 19:07:53,887 [INFO]: LeadRepush: 0
2024-01-18 19:07:54,700 [INFO]: Excel file saved: TVS_LMS_18_01_2024.xlsx
2024-01-18 19:14:10,351 [INFO]: LeadRepush: 0
2024-01-18 19:14:10,959 [INFO]: Excel file saved: TVS_LMS_18_01_2024.xlsx
2024-01-18 19:18:19,687 [INFO]: LeadRepush: 0
2024-01-18 19:18:20,125 [INFO]: Excel file saved: TVS_LMS_18_01_2024.xlsx
2024-01-18 19:22:59,123 [INFO]: LeadRepush: 0
2024-01-18 19:22:59,538 [INFO]: Excel file saved: TVS_LMS_18_01_2024.xlsx
2024-01-18 19:23:18,356 [INFO]: LeadRepush: 0
2024-01-18 19:23:18,926 [INFO]: Excel file saved: TVS_LMS_18_01_2024.xlsx
2024-01-18 20:28:26,736 [ERROR]: Failed to establish a database connection: ('08001', '[08001] [Microsoft][ODBC Driver 17 for SQL Server]Named Pipes Provider: Could not open a connection to SQL Server [53].  (53) (SQLDriverConnect); [08001] [Microsoft][ODBC Driver 17 for SQL Server]Login timeout expired (0); [08001] [Microsoft][ODBC Driver 17 for SQL Server]A network-related or instance-specific error has occurred while establishing a connection to SQL Server. Server is not found or not accessible. Check if instance name is correct and if SQL Server is configured to allow remote connections. For more information see SQL Server Books Online. (53)')
2024-01-18 20:28:26,737 [ERROR]: Failed to execute the query: 'NoneType' object has no attribute 'execute'
2024-01-18 20:30:33,001 [INFO]: LeadRepush: 0
2024-01-18 20:46:17,363 [INFO]: LeadRepush: 0
2024-01-18 20:47:19,906 [INFO]: LeadRepush: 0
2024-01-18 20:47:22,444 [INFO]: Excel file saved: TVS_LMS_18_01_2024.xlsx
2024-01-18 20:56:01,846 [INFO]: LeadRepush: 0
2024-01-18 20:56:02,190 [INFO]: Excel file saved: TVS_LMS_18_01_2024.xlsx
2024-01-18 20:59:31,748 [INFO]: LeadRepush: 0
2024-01-18 20:59:32,532 [INFO]: Excel file saved: TVS_LMS_18_01_2024.xlsx
2024-01-18 21:02:53,682 [INFO]: LeadRepush: 0
2024-01-18 21:02:55,305 [INFO]: Excel file saved: TVS_LMS_18_01_2024.xlsx
2024-01-19 13:41:58,266 [INFO]: LeadRepush: 19
2024-01-19 13:41:59,731 [INFO]: Excel file saved: TVS_LMS_19_01_2024.xlsx
2024-01-19 13:47:21,394 [INFO]: LeadRepush: 19
2024-01-19 13:47:22,844 [INFO]: Excel file saved: TVS_LMS_19_01_2024.xlsx
2024-01-19 13:48:56,876 [INFO]: LeadRepush: 19
2024-01-19 13:51:07,754 [INFO]: LeadRepush: 21
2024-01-19 13:53:05,039 [INFO]: LeadRepush: 20
2024-01-19 13:53:06,462 [INFO]: Excel file saved: TVS_LMS_19_01_2024.xlsx
2024-01-19 14:08:52,243 [ERROR]: Failed to establish a database connection: ('08001', '[08001] [Microsoft][ODBC Driver 17 for SQL Server]Named Pipes Provider: Could not open a connection to SQL Server [53].  (53) (SQLDriverConnect); [08001] [Microsoft][ODBC Driver 17 for SQL Server]Login timeout expired (0); [08001] [Microsoft][ODBC Driver 17 for SQL Server]A network-related or instance-specific error has occurred while establishing a connection to SQL Server. Server is not found or not accessible. Check if instance name is correct and if SQL Server is configured to allow remote connections. For more information see SQL Server Books Online. (53)')
2024-01-19 14:08:52,244 [ERROR]: Failed to execute the query: 'NoneType' object has no attribute 'execute'
2024-01-19 14:09:05,808 [INFO]: LeadRepush: 20
2024-01-19 14:09:07,305 [INFO]: Excel file saved: TVS_LMS_19_01_2024.xlsx
2024-01-19 14:11:09,634 [INFO]: LeadRepush: 21
2024-01-19 14:11:11,281 [INFO]: Excel file saved: TVS_LMS_19_01_2024.xlsx
2024-01-19 14:13:34,067 [INFO]: LeadRepush: 20
2024-01-19 14:13:35,941 [INFO]: Excel file saved: TVS_LMS_19_01_2024.xlsx
2024-01-19 14:16:05,655 [INFO]: LeadRepush: 20
2024-01-19 14:18:15,818 [INFO]: LeadRepush: 20
2024-01-19 14:19:16,144 [INFO]: LeadRepush: 20
2024-01-19 14:20:41,164 [INFO]: LeadRepush: 21
2024-01-19 14:25:08,540 [INFO]: LeadRepush: 20
2024-01-19 14:30:10,224 [INFO]: LeadRepush: 20
2024-01-19 14:31:05,474 [INFO]: LeadRepush: 20
2024-01-19 14:31:06,858 [INFO]: Excel file saved: TVS_LMS_19_01_2024.xlsx
2024-01-19 14:48:47,839 [INFO]: LeadRepush: 20
2024-01-19 14:48:49,358 [INFO]: Excel file saved: TVS_LMS_19_01_2024.xlsx
2024-01-19 15:03:55,900 [INFO]: LeadRepush: 21
2024-01-19 15:03:59,159 [INFO]: Excel file saved: TVS_LMS_19_01_2024.xlsx
2024-01-19 15:09:14,616 [INFO]: LeadRepush: 21
2024-01-19 15:09:17,957 [INFO]: Excel file saved: TVS_LMS_19_01_2024.xlsx
2024-01-19 15:33:06,978 [INFO]: LeadRepush: 21
2024-01-19 15:33:58,276 [INFO]: LeadRepush: 21
2024-01-19 15:35:29,278 [INFO]: LeadRepush: 21
2024-01-19 15:35:31,485 [INFO]: Excel file saved: TVS_LMS_19_01_2024.xlsx
2024-01-19 15:41:18,946 [INFO]: LeadRepush: 22
2024-01-19 15:43:05,274 [INFO]: LeadRepush: 21
2024-01-19 15:43:07,095 [INFO]: Excel file saved: TVS_LMS_19_01_2024.xlsx
2024-01-19 15:44:18,602 [INFO]: LeadRepush: 21
2024-01-19 15:45:56,982 [INFO]: LeadRepush: 21
2024-01-19 15:45:59,174 [INFO]: Excel file saved: TVS_LMS_19_01_2024.xlsx
2024-01-19 15:48:32,615 [INFO]: LeadRepush: 21
2024-01-19 15:50:34,055 [INFO]: LeadRepush: 22
2024-01-19 15:50:36,012 [INFO]: Excel file saved: TVS_LMS_19_01_2024.xlsx
2024-01-19 15:51:58,609 [INFO]: LeadRepush: 22
2024-01-19 15:51:59,492 [INFO]: Excel file saved: TVS_LMS_19_01_2024.xlsx
2024-01-19 15:54:16,357 [INFO]: LeadRepush: 21
2024-01-19 15:54:17,170 [INFO]: Excel file saved: TVS_LMS_19_01_2024.xlsx
2024-01-19 16:00:55,484 [INFO]: LeadRepush: 22
2024-01-19 16:01:56,914 [INFO]: LeadRepush: 22
2024-01-19 16:01:59,166 [INFO]: Excel file saved: TVS_LMS_19_01_2024.xlsx
2024-01-19 16:05:21,369 [INFO]: LeadRepush: 22
2024-01-19 16:05:22,726 [INFO]: Excel file saved: TVS_LMS_19_01_2024.xlsx
2024-01-19 16:06:14,712 [INFO]: LeadRepush: 22
2024-01-19 16:06:16,298 [INFO]: Excel file saved: TVS_LMS_19_01_2024.xlsx
2024-01-19 16:12:00,965 [INFO]: LeadRepush: 22
2024-01-19 16:12:02,502 [INFO]: Excel file saved: TVS_LMS_19_01_2024.xlsx
2024-01-19 18:11:59,908 [INFO]: LeadRepush: 25
2024-01-19 18:11:59,908 [ERROR]: count is not equal to zero
2024-01-19 18:12:59,751 [INFO]: LeadRepush: 0
2024-01-19 18:13:00,956 [INFO]: Excel file saved: C:\Users\HP\AppData\Local\Temp\TVS_LMS_19_01_2024c2kdlrx8.xlsx
2024-01-19 18:13:08,030 [ERROR]: An error occurred: can only concatenate list (not "str") to list
2024-01-19 18:13:44,348 [INFO]: LeadRepush: 0
2024-01-19 18:13:45,382 [INFO]: Excel file saved: C:\Users\HP\AppData\Local\Temp\TVS_LMS_19_01_2024ww1ka0no.xlsx
2024-01-19 18:13:52,676 [ERROR]: An error occurred: can only concatenate list (not "str") to list
2024-01-19 18:17:56,675 [INFO]: LeadRepush: 0
2024-01-19 18:17:57,686 [INFO]: Excel file saved: C:\Users\HP\AppData\Local\Temp\TVS_LMS_19_01_2024mt47633i.xlsx
2024-01-19 18:18:04,707 [ERROR]: An error occurred: can only concatenate list (not "str") to list
2024-01-19 18:22:02,282 [INFO]: LeadRepush: 0
2024-01-19 18:22:03,255 [INFO]: Excel file saved: C:\Users\HP\AppData\Local\Temp\TVS_LMS_19_01_2024rsr1xgmy.xlsx
2024-01-19 18:22:09,964 [ERROR]: An error occurred: can only concatenate list (not "str") to list
2024-01-19 18:26:51,165 [INFO]: LeadRepush: 0
2024-01-19 18:26:51,458 [INFO]: Excel file saved: TVS_LMS_19_01_2024.xlsx
2024-01-19 18:29:10,816 [INFO]: LeadRepush: 0
2024-01-19 18:29:11,492 [INFO]: Excel file saved: C:\Users\HP\AppData\Local\Temp\TVS_LMS_19_01_2024u5hxkj8q.xlsx
2024-01-19 18:29:30,389 [INFO]: LeadRepush: 0
2024-01-19 18:29:30,675 [INFO]: Excel file saved: C:\Users\HP\AppData\Local\Temp\TVS_LMS_19_01_20244jfgzhjr.xlsx
2024-01-19 18:29:36,789 [ERROR]: An error occurred: can only concatenate list (not "str") to list
2024-01-19 18:33:54,463 [INFO]: LeadRepush: 0
2024-01-19 18:33:54,743 [INFO]: Excel file saved: C:\Users\HP\AppData\Local\Temp\TVS_LMS_19_01_202445q63oc_.xlsx
2024-01-19 18:34:05,120 [INFO]: Reply sent to ajithkumar@newgendigital.com with CC to mohit.lalwani@unicorntechmedia.com, nisha.singh@unicorntechmedia.com, ankur.kataria@unicorntechmedia.com, arun.reddy@newgendigital.com, Ashish.Thakur@tvsmotor.com, Neha.Parasher@tvsmotor.com, Prasanth.S@tvsmotor.com, priyadharshini@newgendigital.com, punitha@newgendigital.com for the email with subject 'Re: Updated EMS response for null EMS'.
2024-01-22 18:34:11,693 [ERROR]: Failed to establish a database connection: ('08001', '[08001] [Microsoft][ODBC Driver 17 for SQL Server]Named Pipes Provider: Could not open a connection to SQL Server [1326].  (1326) (SQLDriverConnect); [08001] [Microsoft][ODBC Driver 17 for SQL Server]Login timeout expired (0); [08001] [Microsoft][ODBC Driver 17 for SQL Server]A network-related or instance-specific error has occurred while establishing a connection to SQL Server. Server is not found or not accessible. Check if instance name is correct and if SQL Server is configured to allow remote connections. For more information see SQL Server Books Online. (1326)')
2024-01-22 18:34:11,694 [ERROR]: Failed to execute the query: 'NoneType' object has no attribute 'execute'
2024-01-22 18:34:25,428 [INFO]: LeadRepush: 19
2024-01-22 18:34:25,429 [ERROR]: count is not equal to zero
2024-01-22 18:35:09,639 [INFO]: LeadRepush: 0
2024-01-22 18:35:10,906 [INFO]: Excel file saved: C:\Users\HP\AppData\Local\Temp\TVS_LMS_22_01_20241ngs_78_.xlsx
2024-01-22 18:35:25,304 [INFO]: Reply sent to ajithkumar@newgendigital.com with CC to mohit.lalwani@unicorntechmedia.com, nisha.singh@unicorntechmedia.com, ankur.kataria@unicorntechmedia.com, arun.reddy@newgendigital.com, Ashish.Thakur@tvsmotor.com, Neha.Parasher@tvsmotor.com, Prasanth.S@tvsmotor.com, priyadharshini@newgendigital.com, punitha@newgendigital.com for the email with subject 'Re: Updated EMS response for null EMS'.
2024-01-23 18:06:09,089 [INFO]: LeadRepush: 23
2024-01-23 18:06:09,207 [ERROR]: count is not equal to zero
2024-01-23 18:07:41,712 [INFO]: LeadRepush: 0
2024-01-23 18:07:42,459 [INFO]: Excel file saved: C:\Users\HP\AppData\Local\Temp\TVS_LMS_23_01_20242ynxdgyl.xlsx
2024-01-23 18:07:58,132 [INFO]: Reply sent to ajithkumar@newgendigital.com with CC to mohit.lalwani@unicorntechmedia.com, nisha.singh@unicorntechmedia.com, ankur.kataria@unicorntechmedia.com, arun.reddy@newgendigital.com, Ashish.Thakur@tvsmotor.com, Neha.Parasher@tvsmotor.com, Prasanth.S@tvsmotor.com, priyadharshini@newgendigital.com, punitha@newgendigital.com for the email with subject 'Re: Updated EMS response for null EMS'.
2024-01-27 18:37:08,540 [INFO]: LeadRepush: 0
2024-01-27 18:37:09,371 [INFO]: Excel file saved: C:\Users\HP\AppData\Local\Temp\TVS_LMS_27_01_2024xl9zd7sc.xlsx
2024-01-27 18:37:20,460 [ERROR]: An error occurred: can only concatenate list (not "str") to list
2024-01-27 18:38:50,866 [INFO]: LeadRepush: 0
2024-01-27 18:38:51,649 [INFO]: Excel file saved: C:\Users\HP\AppData\Local\Temp\TVS_LMS_27_01_2024ohtnutiy.xlsx
2024-01-27 18:39:05,284 [INFO]: Reply sent to ajithkumar@newgendigital.com with CC to selvaganapathiannadurai001@gmail.com for the email with subject 'Re: Updated EMS response for null EMS'.
2024-01-27 18:40:05,265 [INFO]: LeadRepush: 0
2024-01-27 18:40:06,211 [INFO]: Excel file saved: C:\Users\HP\AppData\Local\Temp\TVS_LMS_27_01_2024k0mykk6a.xlsx
2024-01-27 18:40:20,407 [INFO]: Reply sent to ajithkumaraji9047@gmail.com with CC to selvaganapathiannadurai001@gmail.com for the email with subject 'Re: Updated EMS response for null EMS'.
